<?xml version="1.0" encoding="UTF-8"?>
<!-- Generated by org.testng.reporters.JUnitXMLReporter -->
<testsuite hostname="Naveen-PC" name="IETest" tests="1" failures="1" timestamp="31 Oct 2015 03:01:35 GMT" time="152.264" errors="0">
  <testcase name="First_test" time="142.872" classname="com.simple.Cross_Browser_Testing">
    <failure type="org.openqa.selenium.ie.TimedOutException" message="The driver reported that the command timed out. There may be several reasons for this. Check that the destinationsite is in IE&amp;apos;s &amp;apos;Trusted Sites&amp;apos; (accessed from Tools-&amp;gt;Internet Options in the &amp;apos;Security&amp;apos; tab) If it is a trusted site, then the request may have taken more thana minute to finish.">
      <![CDATA[org.openqa.selenium.ie.TimedOutException: The driver reported that the command timed out. There may be several reasons for this. Check that the destinationsite is in IE's 'Trusted Sites' (accessed from Tools->Internet Options in the 'Security' tab) If it is a trusted site, then the request may have taken more thana minute to finish.
	at org.openqa.selenium.ie.ErrorHandler.verifyErrorCode(ErrorHandler.java:71)
	at org.openqa.selenium.ie.InternetExplorerDriver.get(InternetExplorerDriver.java:268)
	at org.openqa.selenium.ie.InternetExplorerDriver$InternetExplorerNavigation.to(InternetExplorerDriver.java:412)
	at com.simple.Cross_Browser_Testing.First_test(Cross_Browser_Testing.java:67)
	at java.util.concurrent.FutureTask.run(Unknown Source)
	at java.util.concurrent.ThreadPoolExecutor.runWorker(Unknown Source)
	at java.util.concurrent.ThreadPoolExecutor$Worker.run(Unknown Source)
	at java.lang.Thread.run(Unknown Source)
... Removed 16 stack frames]]>
    </failure>
  </testcase> <!-- First_test -->
</testsuite> <!-- IETest -->
